<?xml version="1.0" encoding="UTF-8"?>
<testsuite xmlns:xsi="http://www.w3.org/2001/XMLSchema-instance" xsi:noNamespaceSchemaLocation="https://maven.apache.org/surefire/maven-surefire-plugin/xsd/surefire-test-report.xsd" name="org.springframework.samples.petclinic.service.ClinicServiceJdbcTests" time="0.353" tests="11" errors="0" skipped="0" failures="0">
  <properties>
    <property name="java.specification.version" value="21"/>
    <property name="sun.jnu.encoding" value="UTF-8"/>
    <property name="java.class.path" value="/Users/DE/Desktop/Eavor Project/Petclinic/target/test-classes:/Users/DE/Desktop/Eavor Project/Petclinic/target/classes:/Users/DE/.m2/repository/org/apache/tomcat/tomcat-servlet-api/9.0.46/tomcat-servlet-api-9.0.46.jar:/Users/DE/.m2/repository/org/apache/tomcat/tomcat-jasper-el/9.0.46/tomcat-jasper-el-9.0.46.jar:/Users/DE/.m2/repository/org/apache/tomcat/tomcat-el-api/9.0.46/tomcat-el-api-9.0.46.jar:/Users/DE/.m2/repository/org/apache/taglibs/taglibs-standard-jstlel/1.2.5/taglibs-standard-jstlel-1.2.5.jar:/Users/DE/.m2/repository/org/apache/taglibs/taglibs-standard-spec/1.2.5/taglibs-standard-spec-1.2.5.jar:/Users/DE/.m2/repository/org/apache/taglibs/taglibs-standard-impl/1.2.5/taglibs-standard-impl-1.2.5.jar:/Users/DE/.m2/repository/com/fasterxml/jackson/core/jackson-core/2.12.4/jackson-core-2.12.4.jar:/Users/DE/.m2/repository/com/fasterxml/jackson/core/jackson-databind/2.12.4/jackson-databind-2.12.4.jar:/Users/DE/.m2/repository/com/fasterxml/jackson/core/jackson-annotations/2.12.4/jackson-annotations-2.12.4.jar:/Users/DE/.m2/repository/com/jayway/jsonpath/json-path/2.6.0/json-path-2.6.0.jar:/Users/DE/.m2/repository/net/minidev/json-smart/2.4.7/json-smart-2.4.7.jar:/Users/DE/.m2/repository/net/minidev/accessors-smart/2.4.7/accessors-smart-2.4.7.jar:/Users/DE/.m2/repository/org/ow2/asm/asm/9.1/asm-9.1.jar:/Users/DE/.m2/repository/org/springframework/data/spring-data-jpa/2.6.0-RC1/spring-data-jpa-2.6.0-RC1.jar:/Users/DE/.m2/repository/org/springframework/data/spring-data-commons/2.6.0-RC1/spring-data-commons-2.6.0-RC1.jar:/Users/DE/.m2/repository/org/springframework/spring-orm/5.3.11/spring-orm-5.3.11.jar:/Users/DE/.m2/repository/org/springframework/spring-context/5.3.11/spring-context-5.3.11.jar:/Users/DE/.m2/repository/org/springframework/spring-aop/5.3.11/spring-aop-5.3.11.jar:/Users/DE/.m2/repository/org/springframework/spring-tx/5.3.11/spring-tx-5.3.11.jar:/Users/DE/.m2/repository/org/springframework/spring-beans/5.3.11/spring-beans-5.3.11.jar:/Users/DE/.m2/repository/org/springframework/spring-core/5.3.11/spring-core-5.3.11.jar:/Users/DE/.m2/repository/org/springframework/spring-jcl/5.3.11/spring-jcl-5.3.11.jar:/Users/DE/.m2/repository/org/springframework/spring-jdbc/5.3.18/spring-jdbc-5.3.18.jar:/Users/DE/.m2/repository/org/springframework/spring-webmvc/5.3.18/spring-webmvc-5.3.18.jar:/Users/DE/.m2/repository/org/springframework/spring-expression/5.3.18/spring-expression-5.3.18.jar:/Users/DE/.m2/repository/org/springframework/spring-web/5.3.18/spring-web-5.3.18.jar:/Users/DE/.m2/repository/org/springframework/spring-context-support/5.3.18/spring-context-support-5.3.18.jar:/Users/DE/.m2/repository/org/springframework/spring-oxm/5.3.18/spring-oxm-5.3.18.jar:/Users/DE/.m2/repository/org/aspectj/aspectjrt/1.9.7/aspectjrt-1.9.7.jar:/Users/DE/.m2/repository/org/aspectj/aspectjweaver/1.9.7/aspectjweaver-1.9.7.jar:/Users/DE/.m2/repository/org/apache/tomcat/tomcat-jdbc/9.0.46/tomcat-jdbc-9.0.46.jar:/Users/DE/.m2/repository/org/apache/tomcat/tomcat-juli/9.0.46/tomcat-juli-9.0.46.jar:/Users/DE/.m2/repository/org/slf4j/slf4j-api/1.7.32/slf4j-api-1.7.32.jar:/Users/DE/.m2/repository/ch/qos/logback/logback-classic/1.2.6/logback-classic-1.2.6.jar:/Users/DE/.m2/repository/ch/qos/logback/logback-core/1.2.6/logback-core-1.2.6.jar:/Users/DE/.m2/repository/org/hibernate/hibernate-entitymanager/5.6.0.Final/hibernate-entitymanager-5.6.0.Final.jar:/Users/DE/.m2/repository/org/jboss/logging/jboss-logging/3.4.2.Final/jboss-logging-3.4.2.Final.jar:/Users/DE/.m2/repository/org/hibernate/hibernate-core/5.6.0.Final/hibernate-core-5.6.0.Final.jar:/Users/DE/.m2/repository/antlr/antlr/2.7.7/antlr-2.7.7.jar:/Users/DE/.m2/repository/org/jboss/jandex/2.2.3.Final/jandex-2.2.3.Final.jar:/Users/DE/.m2/repository/org/hibernate/common/hibernate-commons-annotations/5.1.2.Final/hibernate-commons-annotations-5.1.2.Final.jar:/Users/DE/.m2/repository/javax/persistence/javax.persistence-api/2.2/javax.persistence-api-2.2.jar:/Users/DE/.m2/repository/net/bytebuddy/byte-buddy/1.11.20/byte-buddy-1.11.20.jar:/Users/DE/.m2/repository/org/jboss/spec/javax/transaction/jboss-transaction-api_1.2_spec/1.1.1.Final/jboss-transaction-api_1.2_spec-1.1.1.Final.jar:/Users/DE/.m2/repository/org/hibernate/validator/hibernate-validator/6.2.0.Final/hibernate-validator-6.2.0.Final.jar:/Users/DE/.m2/repository/jakarta/validation/jakarta.validation-api/2.0.2/jakarta.validation-api-2.0.2.jar:/Users/DE/.m2/repository/com/fasterxml/classmate/1.5.1/classmate-1.5.1.jar:/Users/DE/.m2/repository/org/hibernate/hibernate-ehcache/5.6.0.Final/hibernate-ehcache-5.6.0.Final.jar:/Users/DE/.m2/repository/net/sf/ehcache/ehcache/2.10.6/ehcache-2.10.6.jar:/Users/DE/.m2/repository/org/webjars/jquery/3.5.1/jquery-3.5.1.jar:/Users/DE/.m2/repository/org/webjars/jquery-ui/1.12.1/jquery-ui-1.12.1.jar:/Users/DE/.m2/repository/org/webjars/bootstrap/3.3.6/bootstrap-3.3.6.jar:/Users/DE/.m2/repository/org/springframework/spring-test/5.3.18/spring-test-5.3.18.jar:/Users/DE/.m2/repository/org/junit/jupiter/junit-jupiter-engine/5.8.1/junit-jupiter-engine-5.8.1.jar:/Users/DE/.m2/repository/org/junit/platform/junit-platform-engine/1.8.1/junit-platform-engine-1.8.1.jar:/Users/DE/.m2/repository/org/opentest4j/opentest4j/1.2.0/opentest4j-1.2.0.jar:/Users/DE/.m2/repository/org/junit/platform/junit-platform-commons/1.8.1/junit-platform-commons-1.8.1.jar:/Users/DE/.m2/repository/org/junit/jupiter/junit-jupiter-api/5.8.1/junit-jupiter-api-5.8.1.jar:/Users/DE/.m2/repository/org/apiguardian/apiguardian-api/1.1.2/apiguardian-api-1.1.2.jar:/Users/DE/.m2/repository/org/assertj/assertj-core/3.21.0/assertj-core-3.21.0.jar:/Users/DE/.m2/repository/org/mockito/mockito-core/4.0.0/mockito-core-4.0.0.jar:/Users/DE/.m2/repository/net/bytebuddy/byte-buddy-agent/1.11.19/byte-buddy-agent-1.11.19.jar:/Users/DE/.m2/repository/org/objenesis/objenesis/3.2/objenesis-3.2.jar:/Users/DE/.m2/repository/org/mockito/mockito-junit-jupiter/4.0.0/mockito-junit-jupiter-4.0.0.jar:/Users/DE/.m2/repository/org/hamcrest/hamcrest/2.2/hamcrest-2.2.jar:/Users/DE/.m2/repository/javax/xml/bind/jaxb-api/2.3.1/jaxb-api-2.3.1.jar:/Users/DE/.m2/repository/org/glassfish/jaxb/jaxb-runtime/2.3.4/jaxb-runtime-2.3.4.jar:/Users/DE/.m2/repository/jakarta/xml/bind/jakarta.xml.bind-api/2.3.3/jakarta.xml.bind-api-2.3.3.jar:/Users/DE/.m2/repository/org/glassfish/jaxb/txw2/2.3.4/txw2-2.3.4.jar:/Users/DE/.m2/repository/com/sun/istack/istack-commons-runtime/3.0.12/istack-commons-runtime-3.0.12.jar:/Users/DE/.m2/repository/com/sun/activation/jakarta.activation/1.2.2/jakarta.activation-1.2.2.jar:/Users/DE/.m2/repository/javax/activation/javax.activation-api/1.2.0/javax.activation-api-1.2.0.jar:/Users/DE/.m2/repository/com/h2database/h2/1.4.200/h2-1.4.200.jar:"/>
    <property name="java.vm.vendor" value="Oracle Corporation"/>
    <property name="sun.arch.data.model" value="64"/>
    <property name="java.vendor.url" value="https://java.oracle.com/"/>
    <property name="os.name" value="Mac OS X"/>
    <property name="java.vm.specification.version" value="21"/>
    <property name="sun.java.launcher" value="SUN_STANDARD"/>
    <property name="user.country" value="NG"/>
    <property name="sun.boot.library.path" value="/Library/Java/JavaVirtualMachines/jdk-21.jdk/Contents/Home/lib"/>
    <property name="sun.java.command" value="/Users/DE/Desktop/Eavor Project/Petclinic/target/surefire/surefirebooter4524162443475361470.jar /Users/DE/Desktop/Eavor Project/Petclinic/target/surefire 2024-03-17T15-06-29_007-jvmRun1 surefire8557189935521595157tmp surefire_07404930716687455856tmp"/>
    <property name="http.nonProxyHosts" value="local|*.local|169.254/16|*.169.254/16"/>
    <property name="jdk.debug" value="release"/>
    <property name="surefire.test.class.path" value="/Users/DE/Desktop/Eavor Project/Petclinic/target/test-classes:/Users/DE/Desktop/Eavor Project/Petclinic/target/classes:/Users/DE/.m2/repository/org/apache/tomcat/tomcat-servlet-api/9.0.46/tomcat-servlet-api-9.0.46.jar:/Users/DE/.m2/repository/org/apache/tomcat/tomcat-jasper-el/9.0.46/tomcat-jasper-el-9.0.46.jar:/Users/DE/.m2/repository/org/apache/tomcat/tomcat-el-api/9.0.46/tomcat-el-api-9.0.46.jar:/Users/DE/.m2/repository/org/apache/taglibs/taglibs-standard-jstlel/1.2.5/taglibs-standard-jstlel-1.2.5.jar:/Users/DE/.m2/repository/org/apache/taglibs/taglibs-standard-spec/1.2.5/taglibs-standard-spec-1.2.5.jar:/Users/DE/.m2/repository/org/apache/taglibs/taglibs-standard-impl/1.2.5/taglibs-standard-impl-1.2.5.jar:/Users/DE/.m2/repository/com/fasterxml/jackson/core/jackson-core/2.12.4/jackson-core-2.12.4.jar:/Users/DE/.m2/repository/com/fasterxml/jackson/core/jackson-databind/2.12.4/jackson-databind-2.12.4.jar:/Users/DE/.m2/repository/com/fasterxml/jackson/core/jackson-annotations/2.12.4/jackson-annotations-2.12.4.jar:/Users/DE/.m2/repository/com/jayway/jsonpath/json-path/2.6.0/json-path-2.6.0.jar:/Users/DE/.m2/repository/net/minidev/json-smart/2.4.7/json-smart-2.4.7.jar:/Users/DE/.m2/repository/net/minidev/accessors-smart/2.4.7/accessors-smart-2.4.7.jar:/Users/DE/.m2/repository/org/ow2/asm/asm/9.1/asm-9.1.jar:/Users/DE/.m2/repository/org/springframework/data/spring-data-jpa/2.6.0-RC1/spring-data-jpa-2.6.0-RC1.jar:/Users/DE/.m2/repository/org/springframework/data/spring-data-commons/2.6.0-RC1/spring-data-commons-2.6.0-RC1.jar:/Users/DE/.m2/repository/org/springframework/spring-orm/5.3.11/spring-orm-5.3.11.jar:/Users/DE/.m2/repository/org/springframework/spring-context/5.3.11/spring-context-5.3.11.jar:/Users/DE/.m2/repository/org/springframework/spring-aop/5.3.11/spring-aop-5.3.11.jar:/Users/DE/.m2/repository/org/springframework/spring-tx/5.3.11/spring-tx-5.3.11.jar:/Users/DE/.m2/repository/org/springframework/spring-beans/5.3.11/spring-beans-5.3.11.jar:/Users/DE/.m2/repository/org/springframework/spring-core/5.3.11/spring-core-5.3.11.jar:/Users/DE/.m2/repository/org/springframework/spring-jcl/5.3.11/spring-jcl-5.3.11.jar:/Users/DE/.m2/repository/org/springframework/spring-jdbc/5.3.18/spring-jdbc-5.3.18.jar:/Users/DE/.m2/repository/org/springframework/spring-webmvc/5.3.18/spring-webmvc-5.3.18.jar:/Users/DE/.m2/repository/org/springframework/spring-expression/5.3.18/spring-expression-5.3.18.jar:/Users/DE/.m2/repository/org/springframework/spring-web/5.3.18/spring-web-5.3.18.jar:/Users/DE/.m2/repository/org/springframework/spring-context-support/5.3.18/spring-context-support-5.3.18.jar:/Users/DE/.m2/repository/org/springframework/spring-oxm/5.3.18/spring-oxm-5.3.18.jar:/Users/DE/.m2/repository/org/aspectj/aspectjrt/1.9.7/aspectjrt-1.9.7.jar:/Users/DE/.m2/repository/org/aspectj/aspectjweaver/1.9.7/aspectjweaver-1.9.7.jar:/Users/DE/.m2/repository/org/apache/tomcat/tomcat-jdbc/9.0.46/tomcat-jdbc-9.0.46.jar:/Users/DE/.m2/repository/org/apache/tomcat/tomcat-juli/9.0.46/tomcat-juli-9.0.46.jar:/Users/DE/.m2/repository/org/slf4j/slf4j-api/1.7.32/slf4j-api-1.7.32.jar:/Users/DE/.m2/repository/ch/qos/logback/logback-classic/1.2.6/logback-classic-1.2.6.jar:/Users/DE/.m2/repository/ch/qos/logback/logback-core/1.2.6/logback-core-1.2.6.jar:/Users/DE/.m2/repository/org/hibernate/hibernate-entitymanager/5.6.0.Final/hibernate-entitymanager-5.6.0.Final.jar:/Users/DE/.m2/repository/org/jboss/logging/jboss-logging/3.4.2.Final/jboss-logging-3.4.2.Final.jar:/Users/DE/.m2/repository/org/hibernate/hibernate-core/5.6.0.Final/hibernate-core-5.6.0.Final.jar:/Users/DE/.m2/repository/antlr/antlr/2.7.7/antlr-2.7.7.jar:/Users/DE/.m2/repository/org/jboss/jandex/2.2.3.Final/jandex-2.2.3.Final.jar:/Users/DE/.m2/repository/org/hibernate/common/hibernate-commons-annotations/5.1.2.Final/hibernate-commons-annotations-5.1.2.Final.jar:/Users/DE/.m2/repository/javax/persistence/javax.persistence-api/2.2/javax.persistence-api-2.2.jar:/Users/DE/.m2/repository/net/bytebuddy/byte-buddy/1.11.20/byte-buddy-1.11.20.jar:/Users/DE/.m2/repository/org/jboss/spec/javax/transaction/jboss-transaction-api_1.2_spec/1.1.1.Final/jboss-transaction-api_1.2_spec-1.1.1.Final.jar:/Users/DE/.m2/repository/org/hibernate/validator/hibernate-validator/6.2.0.Final/hibernate-validator-6.2.0.Final.jar:/Users/DE/.m2/repository/jakarta/validation/jakarta.validation-api/2.0.2/jakarta.validation-api-2.0.2.jar:/Users/DE/.m2/repository/com/fasterxml/classmate/1.5.1/classmate-1.5.1.jar:/Users/DE/.m2/repository/org/hibernate/hibernate-ehcache/5.6.0.Final/hibernate-ehcache-5.6.0.Final.jar:/Users/DE/.m2/repository/net/sf/ehcache/ehcache/2.10.6/ehcache-2.10.6.jar:/Users/DE/.m2/repository/org/webjars/jquery/3.5.1/jquery-3.5.1.jar:/Users/DE/.m2/repository/org/webjars/jquery-ui/1.12.1/jquery-ui-1.12.1.jar:/Users/DE/.m2/repository/org/webjars/bootstrap/3.3.6/bootstrap-3.3.6.jar:/Users/DE/.m2/repository/org/springframework/spring-test/5.3.18/spring-test-5.3.18.jar:/Users/DE/.m2/repository/org/junit/jupiter/junit-jupiter-engine/5.8.1/junit-jupiter-engine-5.8.1.jar:/Users/DE/.m2/repository/org/junit/platform/junit-platform-engine/1.8.1/junit-platform-engine-1.8.1.jar:/Users/DE/.m2/repository/org/opentest4j/opentest4j/1.2.0/opentest4j-1.2.0.jar:/Users/DE/.m2/repository/org/junit/platform/junit-platform-commons/1.8.1/junit-platform-commons-1.8.1.jar:/Users/DE/.m2/repository/org/junit/jupiter/junit-jupiter-api/5.8.1/junit-jupiter-api-5.8.1.jar:/Users/DE/.m2/repository/org/apiguardian/apiguardian-api/1.1.2/apiguardian-api-1.1.2.jar:/Users/DE/.m2/repository/org/assertj/assertj-core/3.21.0/assertj-core-3.21.0.jar:/Users/DE/.m2/repository/org/mockito/mockito-core/4.0.0/mockito-core-4.0.0.jar:/Users/DE/.m2/repository/net/bytebuddy/byte-buddy-agent/1.11.19/byte-buddy-agent-1.11.19.jar:/Users/DE/.m2/repository/org/objenesis/objenesis/3.2/objenesis-3.2.jar:/Users/DE/.m2/repository/org/mockito/mockito-junit-jupiter/4.0.0/mockito-junit-jupiter-4.0.0.jar:/Users/DE/.m2/repository/org/hamcrest/hamcrest/2.2/hamcrest-2.2.jar:/Users/DE/.m2/repository/javax/xml/bind/jaxb-api/2.3.1/jaxb-api-2.3.1.jar:/Users/DE/.m2/repository/org/glassfish/jaxb/jaxb-runtime/2.3.4/jaxb-runtime-2.3.4.jar:/Users/DE/.m2/repository/jakarta/xml/bind/jakarta.xml.bind-api/2.3.3/jakarta.xml.bind-api-2.3.3.jar:/Users/DE/.m2/repository/org/glassfish/jaxb/txw2/2.3.4/txw2-2.3.4.jar:/Users/DE/.m2/repository/com/sun/istack/istack-commons-runtime/3.0.12/istack-commons-runtime-3.0.12.jar:/Users/DE/.m2/repository/com/sun/activation/jakarta.activation/1.2.2/jakarta.activation-1.2.2.jar:/Users/DE/.m2/repository/javax/activation/javax.activation-api/1.2.0/javax.activation-api-1.2.0.jar:/Users/DE/.m2/repository/com/h2database/h2/1.4.200/h2-1.4.200.jar:"/>
    <property name="sun.cpu.endian" value="little"/>
    <property name="user.home" value="/Users/DE"/>
    <property name="user.language" value="en"/>
    <property name="java.specification.vendor" value="Oracle Corporation"/>
    <property name="java.version.date" value="2024-01-16"/>
    <property name="java.home" value="/Library/Java/JavaVirtualMachines/jdk-21.jdk/Contents/Home"/>
    <property name="file.separator" value="/"/>
    <property name="basedir" value="/Users/DE/Desktop/Eavor Project/Petclinic"/>
    <property name="java.vm.compressedOopsMode" value="Zero based"/>
    <property name="line.separator" value="&#10;"/>
    <property name="java.vm.specification.vendor" value="Oracle Corporation"/>
    <property name="java.specification.name" value="Java Platform API Specification"/>
    <property name="apple.awt.application.name" value="ForkedBooter"/>
    <property name="surefire.real.class.path" value="/Users/DE/Desktop/Eavor Project/Petclinic/target/surefire/surefirebooter4524162443475361470.jar"/>
    <property name="sun.management.compiler" value="HotSpot 64-Bit Tiered Compilers"/>
    <property name="ftp.nonProxyHosts" value="local|*.local|169.254/16|*.169.254/16"/>
    <property name="java.runtime.version" value="21.0.2+13-LTS-58"/>
    <property name="user.name" value="DE"/>
    <property name="stdout.encoding" value="UTF-8"/>
    <property name="path.separator" value=":"/>
    <property name="os.version" value="14.4"/>
    <property name="java.runtime.name" value="Java(TM) SE Runtime Environment"/>
    <property name="file.encoding" value="UTF-8"/>
    <property name="java.vm.name" value="Java HotSpot(TM) 64-Bit Server VM"/>
    <property name="localRepository" value="/Users/DE/.m2/repository"/>
    <property name="java.vendor.url.bug" value="https://bugreport.java.com/bugreport/"/>
    <property name="java.io.tmpdir" value="/var/folders/jl/q1vqg011715dvlvj8rtzx59w0000gq/T/"/>
    <property name="java.version" value="21.0.2"/>
    <property name="user.dir" value="/Users/DE/Desktop/Eavor Project/Petclinic"/>
    <property name="os.arch" value="aarch64"/>
    <property name="java.vm.specification.name" value="Java Virtual Machine Specification"/>
    <property name="native.encoding" value="UTF-8"/>
    <property name="java.library.path" value="/Users/DE/Library/Java/Extensions:/Library/Java/Extensions:/Network/Library/Java/Extensions:/System/Library/Java/Extensions:/usr/lib/java:."/>
    <property name="java.vm.info" value="mixed mode, sharing"/>
    <property name="stderr.encoding" value="UTF-8"/>
    <property name="java.vendor" value="Oracle Corporation"/>
    <property name="java.vm.version" value="21.0.2+13-LTS-58"/>
    <property name="sun.io.unicode.encoding" value="UnicodeBig"/>
    <property name="socksNonProxyHosts" value="local|*.local|169.254/16|*.169.254/16"/>
    <property name="java.class.version" value="65.0"/>
  </properties>
  <testcase name="shouldFindVets" classname="org.springframework.samples.petclinic.service.ClinicServiceJdbcTests" time="0.019"/>
  <testcase name="shouldFindOwnersByLastName" classname="org.springframework.samples.petclinic.service.ClinicServiceJdbcTests" time="0.014"/>
  <testcase name="shouldAddNewVisitForPet" classname="org.springframework.samples.petclinic.service.ClinicServiceJdbcTests" time="0.066"/>
  <testcase name="shouldUpdateOwner" classname="org.springframework.samples.petclinic.service.ClinicServiceJdbcTests" time="0.009"/>
  <testcase name="shouldFindVisitsByPetId" classname="org.springframework.samples.petclinic.service.ClinicServiceJdbcTests" time="0.003"/>
  <testcase name="shouldInsertPetIntoDatabaseAndGenerateId" classname="org.springframework.samples.petclinic.service.ClinicServiceJdbcTests" time="0.038"/>
  <testcase name="shouldInsertOwner" classname="org.springframework.samples.petclinic.service.ClinicServiceJdbcTests" time="0.036"/>
  <testcase name="shouldFindSingleOwnerWithPet" classname="org.springframework.samples.petclinic.service.ClinicServiceJdbcTests" time="0.003"/>
  <testcase name="shouldUpdatePetName" classname="org.springframework.samples.petclinic.service.ClinicServiceJdbcTests" time="0.008"/>
  <testcase name="shouldFindAllPetTypes" classname="org.springframework.samples.petclinic.service.ClinicServiceJdbcTests" time="0.002"/>
  <testcase name="shouldFindPetWithCorrectId" classname="org.springframework.samples.petclinic.service.ClinicServiceJdbcTests" time="0.005"/>
</testsuite>